[06:41:18] MythTrust (uuid: f1609ad6-a7ac-33f0-b420-4f88c11082ee): jio
[06:41:21] MythTrust (uuid: f1609ad6-a7ac-33f0-b420-4f88c11082ee): wowo
[06:41:22] MythTrust (uuid: f1609ad6-a7ac-33f0-b420-4f88c11082ee): wtf
[06:41:24] MythTrust (uuid: f1609ad6-a7ac-33f0-b420-4f88c11082ee): bro
[06:41:42] MythTrust (uuid: f1609ad6-a7ac-33f0-b420-4f88c11082ee): dude
[06:42:28] MythTrust (uuid: f1609ad6-a7ac-33f0-b420-4f88c11082ee): io
[06:43:37] MythTrust (uuid: f1609ad6-a7ac-33f0-b420-4f88c11082ee): hi
[06:56:54] MythTrust (uuid: f1609ad6-a7ac-33f0-b420-4f88c11082ee): yo
[06:56:56] MythTrust (uuid: f1609ad6-a7ac-33f0-b420-4f88c11082ee): What
[06:58:33] MythTrust (uuid: f1609ad6-a7ac-33f0-b420-4f88c11082ee): hi
[06:58:47] MythTrust (uuid: f1609ad6-a7ac-33f0-b420-4f88c11082ee): ij'
[06:58:49] MythTrust (uuid: f1609ad6-a7ac-33f0-b420-4f88c11082ee): wow
[06:59:10] MythTrust (uuid: f1609ad6-a7ac-33f0-b420-4f88c11082ee): ok
[06:59:21] MythTrust (uuid: f1609ad6-a7ac-33f0-b420-4f88c11082ee): wow
[06:59:36] MythTrust (uuid: f1609ad6-a7ac-33f0-b420-4f88c11082ee): wow\
[06:59:38] MythTrust (uuid: f1609ad6-a7ac-33f0-b420-4f88c11082ee): you week
[06:59:48] MythTrust (uuid: f1609ad6-a7ac-33f0-b420-4f88c11082ee): ok
[07:00:08] MythTrust (uuid: f1609ad6-a7ac-33f0-b420-4f88c11082ee): hi
[07:00:35] MythTrust (uuid: f1609ad6-a7ac-33f0-b420-4f88c11082ee): thi
[07:00:41] MythTrust (uuid: f1609ad6-a7ac-33f0-b420-4f88c11082ee): hi
[07:00:52] MythTrust (uuid: f1609ad6-a7ac-33f0-b420-4f88c11082ee): fine
[07:06:34] MythTrust (uuid: f1609ad6-a7ac-33f0-b420-4f88c11082ee): rip
[09:54:44] MythTrust (uuid: f1609ad6-a7ac-33f0-b420-4f88c11082ee): hi
